<?xml version="1.0" encoding="UTF-8"?>
<!-- Generated by org.testng.reporters.JUnitXMLReporter -->
<testsuite hostname="ip-172-31-2-140" ignored="0" name="Test" tests="1" failures="1" timestamp="24 Feb 2021 04:52:38 GMT" time="1.488" errors="0">
  <testcase name="@AfterMethod CloseBrowser" time="0.0" classname="test.Testcase1">
    <failure type="java.lang.NullPointerException">
      <![CDATA[java.lang.NullPointerException
at test.Testcase1.CloseBrowser(Testcase1.java:47)
... Removed 28 stack frames]]>
    </failure>
  </testcase> <!-- @AfterMethod CloseBrowser -->
  <testcase name="LoginTest" time="0.026" classname="test.Testcase1">
    <failure type="java.lang.NullPointerException">
      <![CDATA[java.lang.NullPointerException
at org.openqa.selenium.support.pagefactory.DefaultElementLocator.findElement(DefaultElementLocator.java:69)
at org.openqa.selenium.support.pagefactory.internal.LocatingElementHandler.invoke(LocatingElementHandler.java:38)
at com.sun.proxy.$Proxy9.click(Unknown Source)
at pages.LoginPage.Login(LoginPage.java:43)
at test.Testcase1.LoginTest(Testcase1.java:41)
... Removed 25 stack frames]]>
    </failure>
  </testcase> <!-- LoginTest -->
</testsuite> <!-- Test -->
